# JRE version: OpenJDK Runtime Environment Homebrew (20.0.1) (build 20.0.1)
# Java VM: OpenJDK 64-Bit Server VM Homebrew (20.0.1, mixed mode, emulated-client, sharing, tiered, compressed oops, compressed class ptrs, g1 gc, bsd-aarch64)
GC Precious Log:
 CardTable entry size: 512
 Card Set container configuration: InlinePtr #cards 4 size 8 Array Of Cards #cards 16 size 48 Howl #buckets 8 coarsen threshold 3686 Howl Bitmap #cards 512 size 80 coarsen threshold 460 Card regions per heap region 1 cards per card region 4096
 CPUs: 8 total, 8 available
 Memory: 16384M
 Large Page Support: Disabled
 NUMA Support: Disabled
 Compressed Oops: Enabled (Zero based)
 Heap Region Size: 2M
 Heap Min Capacity: 8M
 Heap Initial Capacity: 256M
 Heap Max Capacity: 4G
 Pre-touch: Disabled
 Parallel Workers: 8
 Concurrent Workers: 2
 Concurrent Refinement Workers: 8
 Periodic GC: Disabled
Heap:
 garbage-first heap   total 57344K, used 42368K [0x0000000700000000, 0x0000000800000000)
  region size 2048K, 14 young (28672K), 0 survivors (0K)
 Metaspace       used 34171K, committed 34944K, reserved 1114112K
  class space    used 4545K, committed 4864K, reserved 1048576K
GC Heap History (20 events):
Event: 1061.150 GC heap before
{Heap before GC invocations=33 (full 11):
 garbage-first heap   total 55296K, used 46632K [0x0000000700000000, 0x0000000800000000)
  region size 2048K, 16 young (32768K), 0 survivors (0K)
 Metaspace       used 33998K, committed 35008K, reserved 1114112K
  class space    used 4530K, committed 4864K, reserved 1048576K
}
Event: 1061.152 GC heap after
{Heap after GC invocations=34 (full 11):
 garbage-first heap   total 57344K, used 17999K [0x0000000700000000, 0x0000000800000000)
  region size 2048K, 2 young (4096K), 2 survivors (4096K)
 Metaspace       used 33998K, committed 35008K, reserved 1114112K
  class space    used 4530K, committed 4864K, reserved 1048576K
}
Event: 1087.867 GC heap before
{Heap before GC invocations=34 (full 11):
 garbage-first heap   total 57344K, used 24143K [0x0000000700000000, 0x0000000800000000)
  region size 2048K, 6 young (12288K), 2 survivors (4096K)
 Metaspace       used 34043K, committed 35008K, reserved 1114112K
  class space    used 4537K, committed 4864K, reserved 1048576K
}
Event: 1087.957 GC heap after
{Heap after GC invocations=35 (full 12):
 garbage-first heap   total 57344K, used 15717K [0x0000000700000000, 0x0000000800000000)
  region size 2048K, 0 young (0K), 0 survivors (0K)
 Metaspace       used 33903K, committed 34944K, reserved 1114112K
  class space    used 4510K, committed 4864K, reserved 1048576K
}
Event: 1092.174 GC heap before
{Heap before GC invocations=35 (full 12):
 garbage-first heap   total 57344K, used 44389K [0x0000000700000000, 0x0000000800000000)
  region size 2048K, 14 young (28672K), 0 survivors (0K)
 Metaspace       used 33981K, committed 34944K, reserved 1114112K
  class space    used 4523K, committed 4864K, reserved 1048576K
}
Event: 1092.178 GC heap after
{Heap after GC invocations=36 (full 12):
 garbage-first heap   total 57344K, used 18184K [0x0000000700000000, 0x0000000800000000)
  region size 2048K, 2 young (4096K), 2 survivors (4096K)
 Metaspace       used 33981K, committed 34944K, reserved 1114112K
  class space    used 4523K, committed 4864K, reserved 1048576K
}
Event: 1100.090 GC heap before
{Heap before GC invocations=36 (full 12):
 garbage-first heap   total 57344K, used 20232K [0x0000000700000000, 0x0000000800000000)
  region size 2048K, 4 young (8192K), 2 survivors (4096K)
 Metaspace       used 33984K, committed 34944K, reserved 1114112K
  class space    used 4523K, committed 4864K, reserved 1048576K
}
Event: 1100.123 GC heap after
{Heap after GC invocations=37 (full 13):
 garbage-first heap   total 57344K, used 15869K [0x0000000700000000, 0x0000000800000000)
  region size 2048K, 0 young (0K), 0 survivors (0K)
 Metaspace       used 33981K, committed 34944K, reserved 1114112K
  class space    used 4523K, committed 4864K, reserved 1048576K
}
Event: 1117.787 GC heap before
{Heap before GC invocations=37 (full 13):
 garbage-first heap   total 57344K, used 44541K [0x0000000700000000, 0x0000000800000000)
  region size 2048K, 15 young (30720K), 0 survivors (0K)
 Metaspace       used 34045K, committed 34944K, reserved 1114112K
  class space    used 4534K, committed 4864K, reserved 1048576K
}
Event: 1117.799 GC heap after
{Heap after GC invocations=38 (full 13):
 garbage-first heap   total 57344K, used 18159K [0x0000000700000000, 0x0000000800000000)
  region size 2048K, 2 young (4096K), 2 survivors (4096K)
 Metaspace       used 34045K, committed 34944K, reserved 1114112K
  class space    used 4534K, committed 4864K, reserved 1048576K
}
Event: 1154.322 GC heap before
{Heap before GC invocations=38 (full 13):
 garbage-first heap   total 57344K, used 24303K [0x0000000700000000, 0x0000000800000000)
  region size 2048K, 6 young (12288K), 2 survivors (4096K)
 Metaspace       used 34050K, committed 34944K, reserved 1114112K
  class space    used 4535K, committed 4864K, reserved 1048576K
}
Event: 1154.358 GC heap after
{Heap after GC invocations=39 (full 14):
 garbage-first heap   total 57344K, used 15714K [0x0000000700000000, 0x0000000800000000)
  region size 2048K, 0 young (0K), 0 survivors (0K)
 Metaspace       used 33969K, committed 34944K, reserved 1114112K
  class space    used 4513K, committed 4864K, reserved 1048576K
}
Event: 1157.542 GC heap before
{Heap before GC invocations=39 (full 14):
 garbage-first heap   total 57344K, used 44386K [0x0000000700000000, 0x0000000800000000)
  region size 2048K, 14 young (28672K), 0 survivors (0K)
 Metaspace       used 34040K, committed 34944K, reserved 1114112K
  class space    used 4525K, committed 4864K, reserved 1048576K
}
Event: 1157.546 GC heap after
{Heap after GC invocations=40 (full 14):
 garbage-first heap   total 57344K, used 17976K [0x0000000700000000, 0x0000000800000000)
  region size 2048K, 2 young (4096K), 2 survivors (4096K)
 Metaspace       used 34040K, committed 34944K, reserved 1114112K
  class space    used 4525K, committed 4864K, reserved 1048576K
}
Event: 1287.360 GC heap before
{Heap before GC invocations=40 (full 14):
 garbage-first heap   total 57344K, used 40504K [0x0000000700000000, 0x0000000800000000)
  region size 2048K, 14 young (28672K), 2 survivors (4096K)
 Metaspace       used 34043K, committed 34944K, reserved 1114112K
  class space    used 4526K, committed 4864K, reserved 1048576K
}
Event: 1287.421 GC heap after
{Heap after GC invocations=41 (full 15):
 garbage-first heap   total 57344K, used 15653K [0x0000000700000000, 0x0000000800000000)
  region size 2048K, 0 young (0K), 0 survivors (0K)
 Metaspace       used 34040K, committed 34944K, reserved 1114112K
  class space    used 4525K, committed 4864K, reserved 1048576K
}
Event: 1303.506 GC heap before
{Heap before GC invocations=41 (full 15):
 garbage-first heap   total 57344K, used 46373K [0x0000000700000000, 0x0000000800000000)
  region size 2048K, 15 young (30720K), 0 survivors (0K)
 Metaspace       used 34110K, committed 34944K, reserved 1114112K
  class space    used 4537K, committed 4864K, reserved 1048576K
}
Event: 1303.512 GC heap after
{Heap after GC invocations=42 (full 15):
 garbage-first heap   total 57344K, used 18017K [0x0000000700000000, 0x0000000800000000)
  region size 2048K, 2 young (4096K), 2 survivors (4096K)
 Metaspace       used 34110K, committed 34944K, reserved 1114112K
  class space    used 4537K, committed 4864K, reserved 1048576K
}
Event: 1305.382 GC heap before
{Heap before GC invocations=42 (full 15):
 garbage-first heap   total 57344K, used 18017K [0x0000000700000000, 0x0000000800000000)
  region size 2048K, 3 young (6144K), 2 survivors (4096K)
 Metaspace       used 34115K, committed 34944K, reserved 1114112K
  class space    used 4538K, committed 4864K, reserved 1048576K
}
Event: 1305.408 GC heap after
{Heap after GC invocations=43 (full 16):
 garbage-first heap   total 57344K, used 15744K [0x0000000700000000, 0x0000000800000000)
  region size 2048K, 0 young (0K), 0 survivors (0K)
 Metaspace       used 34108K, committed 34944K, reserved 1114112K
  class space    used 4536K, committed 4864K, reserved 1048576K
}

